<?xml version="1.0" encoding="UTF-8"?>
<!-- Generated by org.testng.reporters.JUnitXMLReporter -->
<testsuite hostname="DESKTOP-KR65LR4" ignored="0" name="Test" tests="2" failures="0" timestamp="2020-05-25T19:53:03 IST" time="46.679" errors="0">
  <testcase name="LoginUser" time="3.833" classname="FacebookModuleTestcases.TC01_TestLoginFunctionality"/>
  <testcase name="TestInvalidUser" time="10.495" classname="FacebookModuleTestcases.TC02_TestLoginWithInvalidCredentials"/>
</testsuite> <!-- Test -->
